Using pre-set license
Built from '2020.3/staging' branch; Version is '2020.3.5f1 (8095aa901b9b) revision 8426922'; Using compiler version '192528614'; Build Type 'Release'
OS: 'Windows 10 Pro; OS build 19041.508; Version 2004; 64bit' Language: 'ru' Physical Memory: 12170 MB
BatchMode: 1, IsHumanControllingUs: 0, StartBugReporterOnCrash: 0, Is64bit: 1, IsPro: 0

 COMMAND LINE ARGUMENTS:
C:\Program Files\Unity\Hub\Editor\2020.3.5f1\Editor\Unity.exe
-adb2
-batchMode
-noUpm
-name
AssetImportWorker0
-projectPath
E:/My Programming/unity/test/DefendYourKing
-logFile
Logs/AssetImportWorker0.log
-srvPort
60897
Successfully changed project path to: E:/My Programming/unity/test/DefendYourKing
E:/My Programming/unity/test/DefendYourKing
Using Asset Import Pipeline V2.
Refreshing native plugins compatible for Editor in 36.05 ms, found 0 plugins.
Preloading 0 native plugins for Editor in 0.00 ms.
Initialize engine version: 2020.3.5f1 (8095aa901b9b)
[Subsystems] Discovering subsystems at path C:/Program Files/Unity/Hub/Editor/2020.3.5f1/Editor/Data/Resources/UnitySubsystems
[Subsystems] Discovering subsystems at path E:/My Programming/unity/test/DefendYourKing/Assets
GfxDevice: creating device client; threaded=0
Direct3D:
    Version:  Direct3D 11.0 [level 11.0]
    Renderer: NVIDIA GeForce GTX 850M (ID=0x1391)
    Vendor:   
    VRAM:     4055 MB
    Driver:   26.21.14.4598
Initialize mono
Mono path[0] = 'C:/Program Files/Unity/Hub/Editor/2020.3.5f1/Editor/Data/Managed'
Mono path[1] = 'C:/Program Files/Unity/Hub/Editor/2020.3.5f1/Editor/Data/MonoBleedingEdge/lib/mono/unityjit'
Mono config path = 'C:/Program Files/Unity/Hub/Editor/2020.3.5f1/Editor/Data/MonoBleedingEdge/etc'
Using monoOptions --debugger-agent=transport=dt_socket,embedding=1,server=y,suspend=n,address=127.0.0.1:56704
Begin MonoManager ReloadAssembly
Registering precompiled unity dll's ...
Register platform support module: C:/Program Files/Unity/Hub/Editor/2020.3.5f1/Editor/Data/PlaybackEngines/WindowsStandaloneSupport/UnityEditor.WindowsStandalone.Extensions.dll
Registered in 0.002163 seconds.
Native extension for WindowsStandalone target not found
Refreshing native plugins compatible for Editor in 35.77 ms, found 0 plugins.
Preloading 0 native plugins for Editor in 0.00 ms.
Mono: successfully reloaded assembly
- Completed reload, in  2.000 seconds
Platform modules already initialized, skipping
Registering precompiled user dll's ...
Registered in 0.001237 seconds.
Begin MonoManager ReloadAssembly
Native extension for WindowsStandalone target not found
Refreshing native plugins compatible for Editor in 0.40 ms, found 0 plugins.
Preloading 0 native plugins for Editor in 0.00 ms.
Mono: successfully reloaded assembly
- Completed reload, in  1.058 seconds
Platform modules already initialized, skipping
========================================================================
Worker process is ready to serve import requests
Launched and connected shader compiler UnityShaderCompiler.exe after 0.04 seconds
Refreshing native plugins compatible for Editor in 0.43 ms, found 0 plugins.
Preloading 0 native plugins for Editor in 0.00 ms.
Unloading 1497 Unused Serialized files (Serialized files now loaded: 0)
System memory in use before: 77.8 MB.
System memory in use after: 77.8 MB.

Unloading 70 unused Assets to reduce memory usage. Loaded Objects now: 1947.
Total: 3.449000 ms (FindLiveObjects: 0.238100 ms CreateObjectMapping: 0.146400 ms MarkObjects: 2.831100 ms  DeleteObjects: 0.232300 ms)

========================================================================
Received Import Request.
  path: Assets/Prefabs/Race/Human/Gold_Lumber.prefab
  artifactKey: Guid(b8c41bb2e7ef4fd4ea31301f2eb60f52) Importer(815301076,1909f56bfc062723c751e8b465ee728b)
Start importing Assets/Prefabs/Race/Human/Gold_Lumber.prefab using Guid(b8c41bb2e7ef4fd4ea31301f2eb60f52) Importer(815301076,1909f56bfc062723c751e8b465ee728b)  -> (artifact id: 'ac1b336a27556824a44e77be037edfcd') in 0.145101 seconds
  Import took 0.163296 seconds .

========================================================================
Received Import Request.
  Time since last request: 0.000279 seconds.
  path: Assets/Prefabs/Race/Human/Barrack Middle.prefab
  artifactKey: Guid(d36f18a5182a879439ca0331ba0f508c) Importer(815301076,1909f56bfc062723c751e8b465ee728b)
Start importing Assets/Prefabs/Race/Human/Barrack Middle.prefab using Guid(d36f18a5182a879439ca0331ba0f508c) Importer(815301076,1909f56bfc062723c751e8b465ee728b)  -> (artifact id: 'd4beea06d072cf050c4f8e39a2733ddd') in 0.045774 seconds
  Import took 0.058094 seconds .

========================================================================
Received Import Request.
  Time since last request: 0.000242 seconds.
  path: Assets/Prefabs/Race/Human/Forge.prefab
  artifactKey: Guid(54453a9eb9c0b9a42ad9f49eecc66175) Importer(815301076,1909f56bfc062723c751e8b465ee728b)
Start importing Assets/Prefabs/Race/Human/Forge.prefab using Guid(54453a9eb9c0b9a42ad9f49eecc66175) Importer(815301076,1909f56bfc062723c751e8b465ee728b)  -> (artifact id: '79e8187509bb66209d4dca7c45bcdfc1') in 0.021072 seconds
  Import took 0.036208 seconds .

========================================================================
Received Import Request.
  Time since last request: 10.708679 seconds.
  path: Assets/Additions/FarlandSkies/Skyboxes
  artifactKey: Guid(c130f5e5b12752b41a3ca95f11a49efd) Importer(815301076,1909f56bfc062723c751e8b465ee728b)
Start importing Assets/Additions/FarlandSkies/Skyboxes using Guid(c130f5e5b12752b41a3ca95f11a49efd) Importer(815301076,1909f56bfc062723c751e8b465ee728b)  -> (artifact id: 'ec4178839f1bcabd4b70b21f1dc1b9aa') in 0.007404 seconds
  Import took 0.011043 seconds .

========================================================================
Received Import Request.
  Time since last request: 168.538377 seconds.
  path: Assets/Additions/Kenney Assets/KayKit Dungeon/floorDecoration_tilesLarge.fbx
  artifactKey: Guid(ea8608e83917cbc44ae666deda5512ad) Importer(815301076,1909f56bfc062723c751e8b465ee728b)
Start importing Assets/Additions/Kenney Assets/KayKit Dungeon/floorDecoration_tilesLarge.fbx using Guid(ea8608e83917cbc44ae666deda5512ad) Importer(815301076,1909f56bfc062723c751e8b465ee728b)  -> (artifact id: 'fda7efe8149a7d3aec8da00428aef5bd') in 0.113067 seconds
  Import took 0.116980 seconds .

========================================================================
Received Import Request.
  Time since last request: 38.065959 seconds.
  path: Assets/Additions/Kenney Assets/KayKit Dungeon/floorDecoration_tilesLarge.fbx
  artifactKey: Guid(ea8608e83917cbc44ae666deda5512ad) Importer(815301076,1909f56bfc062723c751e8b465ee728b)
Start importing Assets/Additions/Kenney Assets/KayKit Dungeon/floorDecoration_tilesLarge.fbx using Guid(ea8608e83917cbc44ae666deda5512ad) Importer(815301076,1909f56bfc062723c751e8b465ee728b)  -> (artifact id: 'ba24549a853d19c0180cd1687f666aa6') in 0.023290 seconds
  Import took 0.027250 seconds .

========================================================================
Received Import Request.
  Time since last request: 0.014179 seconds.
  path: Assets/Additions/Kenney Assets/KayKit Dungeon/floorDecoration_tilesLarge.fbx
  artifactKey: Guid(ea8608e83917cbc44ae666deda5512ad) Importer(815301076,1909f56bfc062723c751e8b465ee728b)
Start importing Assets/Additions/Kenney Assets/KayKit Dungeon/floorDecoration_tilesLarge.fbx using Guid(ea8608e83917cbc44ae666deda5512ad) Importer(815301076,1909f56bfc062723c751e8b465ee728b)  -> (artifact id: 'ba24549a853d19c0180cd1687f666aa6') in 0.040593 seconds
  Import took 0.044119 seconds .

========================================================================
Received Prepare
Registering precompiled user dll's ...
Registered in 0.001451 seconds.
Begin MonoManager ReloadAssembly
Native extension for WindowsStandalone target not found
Refreshing native plugins compatible for Editor in 0.49 ms, found 0 plugins.
Preloading 0 native plugins for Editor in 0.00 ms.
Warning: Annotation not found!
UnityEngine.StackTraceUtility:ExtractStackTrace ()
UnityEditor.ProBuilder.EditorUtility:SetGizmoIconEnabled (System.Type,bool) (at Library/PackageCache/com.unity.probuilder@4.5.0/Editor/EditorCore/EditorUtility.cs:593)
UnityEditor.ProBuilder.HierarchyListener:.cctor () (at Library/PackageCache/com.unity.probuilder@4.5.0/Editor/EditorCore/HierarchyListener.cs:21)
System.Runtime.CompilerServices.RuntimeHelpers:RunClassConstructor (System.RuntimeTypeHandle)
UnityEditor.EditorAssemblies:ProcessInitializeOnLoadAttributes (System.Type[])

[Library/PackageCache/com.unity.probuilder@4.5.0/Editor/EditorCore/EditorUtility.cs line 593]

Mono: successfully reloaded assembly
- Completed reload, in  1.843 seconds
Platform modules already initialized, skipping
Refreshing native plugins compatible for Editor in 0.50 ms, found 0 plugins.
Preloading 0 native plugins for Editor in 0.00 ms.
Unloading 1464 Unused Serialized files (Serialized files now loaded: 0)
System memory in use before: 78.6 MB.
System memory in use after: 78.6 MB.

Unloading 8 unused Assets to reduce memory usage. Loaded Objects now: 1993.
Total: 6.546400 ms (FindLiveObjects: 0.297300 ms CreateObjectMapping: 0.227000 ms MarkObjects: 5.796200 ms  DeleteObjects: 0.221000 ms)

AssetImportWorkerClient::OnTransportError - code=2 error=End of file
