Using pre-set license
Built from '2020.3/staging' branch; Version is '2020.3.5f1 (8095aa901b9b) revision 8426922'; Using compiler version '192528614'; Build Type 'Release'
OS: 'Windows 10 Pro; OS build 19041.508; Version 2004; 64bit' Language: 'ru' Physical Memory: 12170 MB
BatchMode: 1, IsHumanControllingUs: 0, StartBugReporterOnCrash: 0, Is64bit: 1, IsPro: 0

 COMMAND LINE ARGUMENTS:
C:\Program Files\Unity\Hub\Editor\2020.3.5f1\Editor\Unity.exe
-adb2
-batchMode
-noUpm
-name
AssetImportWorker0
-projectPath
E:/My Programming/unity/test/DefendYourKing
-logFile
Logs/AssetImportWorker0.log
-srvPort
61679
Successfully changed project path to: E:/My Programming/unity/test/DefendYourKing
E:/My Programming/unity/test/DefendYourKing
Using Asset Import Pipeline V2.
Refreshing native plugins compatible for Editor in 38.92 ms, found 0 plugins.
Preloading 0 native plugins for Editor in 0.00 ms.
Initialize engine version: 2020.3.5f1 (8095aa901b9b)
[Subsystems] Discovering subsystems at path C:/Program Files/Unity/Hub/Editor/2020.3.5f1/Editor/Data/Resources/UnitySubsystems
[Subsystems] Discovering subsystems at path E:/My Programming/unity/test/DefendYourKing/Assets
GfxDevice: creating device client; threaded=0
Direct3D:
    Version:  Direct3D 11.0 [level 11.0]
    Renderer: NVIDIA GeForce GTX 850M (ID=0x1391)
    Vendor:   
    VRAM:     4055 MB
    Driver:   26.21.14.4598
Initialize mono
Mono path[0] = 'C:/Program Files/Unity/Hub/Editor/2020.3.5f1/Editor/Data/Managed'
Mono path[1] = 'C:/Program Files/Unity/Hub/Editor/2020.3.5f1/Editor/Data/MonoBleedingEdge/lib/mono/unityjit'
Mono config path = 'C:/Program Files/Unity/Hub/Editor/2020.3.5f1/Editor/Data/MonoBleedingEdge/etc'
Using monoOptions --debugger-agent=transport=dt_socket,embedding=1,server=y,suspend=n,address=127.0.0.1:56632
Begin MonoManager ReloadAssembly
Registering precompiled unity dll's ...
Register platform support module: C:/Program Files/Unity/Hub/Editor/2020.3.5f1/Editor/Data/PlaybackEngines/WindowsStandaloneSupport/UnityEditor.WindowsStandalone.Extensions.dll
Registered in 0.002154 seconds.
Native extension for WindowsStandalone target not found
Refreshing native plugins compatible for Editor in 38.23 ms, found 0 plugins.
Preloading 0 native plugins for Editor in 0.00 ms.
Mono: successfully reloaded assembly
- Completed reload, in  2.080 seconds
Platform modules already initialized, skipping
Registering precompiled user dll's ...
Registered in 0.001205 seconds.
Begin MonoManager ReloadAssembly
Native extension for WindowsStandalone target not found
Refreshing native plugins compatible for Editor in 0.39 ms, found 0 plugins.
Preloading 0 native plugins for Editor in 0.00 ms.
Mono: successfully reloaded assembly
- Completed reload, in  1.111 seconds
Platform modules already initialized, skipping
========================================================================
Worker process is ready to serve import requests
Launched and connected shader compiler UnityShaderCompiler.exe after 0.05 seconds
Refreshing native plugins compatible for Editor in 0.52 ms, found 0 plugins.
Preloading 0 native plugins for Editor in 0.00 ms.
Unloading 1497 Unused Serialized files (Serialized files now loaded: 0)
System memory in use before: 77.3 MB.
System memory in use after: 77.3 MB.

Unloading 70 unused Assets to reduce memory usage. Loaded Objects now: 1944.
Total: 2.724000 ms (FindLiveObjects: 0.196400 ms CreateObjectMapping: 0.094400 ms MarkObjects: 2.213800 ms  DeleteObjects: 0.218300 ms)

========================================================================
Received Import Request.
  path: Assets/Additions/SkySerie Freebie/FreebieHdri/Materials/UnearthlyRed4k.mat
  artifactKey: Guid(d6b40215208232a4e9afd11360cf8935) Importer(815301076,1909f56bfc062723c751e8b465ee728b)
Start importing Assets/Additions/SkySerie Freebie/FreebieHdri/Materials/UnearthlyRed4k.mat using Guid(d6b40215208232a4e9afd11360cf8935) Importer(815301076,1909f56bfc062723c751e8b465ee728b)  -> (artifact id: 'c430e22558afb49c013f8451e05f67d0') in 0.190950 seconds
  Import took 0.196623 seconds .

========================================================================
Received Import Request.
  Time since last request: 0.000261 seconds.
  path: Assets/Additions/SkySerie Freebie/FreebieHdri/Materials/PlanetaryEarth4k.mat
  artifactKey: Guid(e9c7231967c03c34085ffac1353bbb4e) Importer(815301076,1909f56bfc062723c751e8b465ee728b)
Start importing Assets/Additions/SkySerie Freebie/FreebieHdri/Materials/PlanetaryEarth4k.mat using Guid(e9c7231967c03c34085ffac1353bbb4e) Importer(815301076,1909f56bfc062723c751e8b465ee728b)  -> (artifact id: 'ece8b01b2b54127f6d08109eb6a8cf4b') in 0.086605 seconds
  Import took 0.092127 seconds .

========================================================================
Received Import Request.
  Time since last request: 0.000218 seconds.
  path: Assets/Additions/SkySerie Freebie/FreebieHdri/Materials/SkyhighFluffycloudField4k.mat
  artifactKey: Guid(9e140156c52ded546ba52f069c35a285) Importer(815301076,1909f56bfc062723c751e8b465ee728b)
Start importing Assets/Additions/SkySerie Freebie/FreebieHdri/Materials/SkyhighFluffycloudField4k.mat using Guid(9e140156c52ded546ba52f069c35a285) Importer(815301076,1909f56bfc062723c751e8b465ee728b)  -> (artifact id: 'e09e5cbb8c846fa423cc38b61d54759d') in 0.055203 seconds
  Import took 0.060486 seconds .

========================================================================
Received Import Request.
  Time since last request: 0.000226 seconds.
  path: Assets/Additions/SkySerie Freebie/FreebieHdri/Materials/UnderTheSea4k.mat
  artifactKey: Guid(be7db682c06892e4694e0951195fbb3f) Importer(815301076,1909f56bfc062723c751e8b465ee728b)
Start importing Assets/Additions/SkySerie Freebie/FreebieHdri/Materials/UnderTheSea4k.mat using Guid(be7db682c06892e4694e0951195fbb3f) Importer(815301076,1909f56bfc062723c751e8b465ee728b)  -> (artifact id: '0c6b873831da052fe1375f4474620666') in 0.054113 seconds
  Import took 0.071441 seconds .

========================================================================
Received Prepare
Registering precompiled user dll's ...
Registered in 0.002331 seconds.
Begin MonoManager ReloadAssembly
Native extension for WindowsStandalone target not found
Refreshing native plugins compatible for Editor in 0.73 ms, found 0 plugins.
Preloading 0 native plugins for Editor in 0.00 ms.
Warning: Annotation not found!
UnityEngine.StackTraceUtility:ExtractStackTrace ()
UnityEditor.ProBuilder.EditorUtility:SetGizmoIconEnabled (System.Type,bool) (at Library/PackageCache/com.unity.probuilder@4.5.0/Editor/EditorCore/EditorUtility.cs:593)
UnityEditor.ProBuilder.HierarchyListener:.cctor () (at Library/PackageCache/com.unity.probuilder@4.5.0/Editor/EditorCore/HierarchyListener.cs:21)
System.Runtime.CompilerServices.RuntimeHelpers:RunClassConstructor (System.RuntimeTypeHandle)
UnityEditor.EditorAssemblies:ProcessInitializeOnLoadAttributes (System.Type[])

[Library/PackageCache/com.unity.probuilder@4.5.0/Editor/EditorCore/EditorUtility.cs line 593]

Mono: successfully reloaded assembly
- Completed reload, in  2.035 seconds
Platform modules already initialized, skipping
Refreshing native plugins compatible for Editor in 0.81 ms, found 0 plugins.
Preloading 0 native plugins for Editor in 0.00 ms.
Unloading 1464 Unused Serialized files (Serialized files now loaded: 0)
System memory in use before: 77.9 MB.
System memory in use after: 77.9 MB.

Unloading 8 unused Assets to reduce memory usage. Loaded Objects now: 1987.
Total: 4.425000 ms (FindLiveObjects: 0.323300 ms CreateObjectMapping: 0.187400 ms MarkObjects: 3.716900 ms  DeleteObjects: 0.191100 ms)

========================================================================
Received Import Request.
  Time since last request: 6185.114599 seconds.
  path: Assets/Sprites/cartoon-blue-cloudy-sky-horizontal-seamless-pattern-with-white-fluffy-clouds-texture_102902-515.jpg
  artifactKey: Guid(c6f74564924b5af41bda8e4a0dd574ab) Importer(815301076,1909f56bfc062723c751e8b465ee728b)
Start importing Assets/Sprites/cartoon-blue-cloudy-sky-horizontal-seamless-pattern-with-white-fluffy-clouds-texture_102902-515.jpg using Guid(c6f74564924b5af41bda8e4a0dd574ab) Importer(815301076,1909f56bfc062723c751e8b465ee728b)  -> (artifact id: 'db6e912267e6d2bce8484499763cb7fb') in 0.058351 seconds
  Import took 0.062434 seconds .

========================================================================
Received Import Request.
  Time since last request: 28.543403 seconds.
  path: Assets/Sprites/Clouds.mat
  artifactKey: Guid(bfa51236b0bb36f4187db18b71b98e1d) Importer(815301076,1909f56bfc062723c751e8b465ee728b)
Start importing Assets/Sprites/Clouds.mat using Guid(bfa51236b0bb36f4187db18b71b98e1d) Importer(815301076,1909f56bfc062723c751e8b465ee728b)  -> (artifact id: 'aac78ab2d973ec005637c79ccbcef8ee') in 0.076282 seconds
  Import took 0.079817 seconds .

========================================================================
Received Prepare
Registering precompiled user dll's ...
Registered in 0.001422 seconds.
Begin MonoManager ReloadAssembly
Native extension for WindowsStandalone target not found
Refreshing native plugins compatible for Editor in 0.42 ms, found 0 plugins.
Preloading 0 native plugins for Editor in 0.00 ms.
Warning: Annotation not found!
UnityEngine.StackTraceUtility:ExtractStackTrace ()
UnityEditor.ProBuilder.EditorUtility:SetGizmoIconEnabled (System.Type,bool) (at Library/PackageCache/com.unity.probuilder@4.5.0/Editor/EditorCore/EditorUtility.cs:593)
UnityEditor.ProBuilder.HierarchyListener:.cctor () (at Library/PackageCache/com.unity.probuilder@4.5.0/Editor/EditorCore/HierarchyListener.cs:21)
System.Runtime.CompilerServices.RuntimeHelpers:RunClassConstructor (System.RuntimeTypeHandle)
UnityEditor.EditorAssemblies:ProcessInitializeOnLoadAttributes (System.Type[])

[Library/PackageCache/com.unity.probuilder@4.5.0/Editor/EditorCore/EditorUtility.cs line 593]

Mono: successfully reloaded assembly
- Completed reload, in  1.280 seconds
Platform modules already initialized, skipping
Refreshing native plugins compatible for Editor in 0.44 ms, found 0 plugins.
Preloading 0 native plugins for Editor in 0.00 ms.
Unloading 1464 Unused Serialized files (Serialized files now loaded: 0)
System memory in use before: 78.0 MB.
System memory in use after: 78.0 MB.

Unloading 8 unused Assets to reduce memory usage. Loaded Objects now: 1992.
Total: 3.884600 ms (FindLiveObjects: 0.676800 ms CreateObjectMapping: 0.233600 ms MarkObjects: 2.842300 ms  DeleteObjects: 0.126400 ms)

========================================================================
Received Import Request.
  Time since last request: 269.415064 seconds.
  path: Assets/Sprites/Clouds.mat
  artifactKey: Guid(bfa51236b0bb36f4187db18b71b98e1d) Importer(815301076,1909f56bfc062723c751e8b465ee728b)
Start importing Assets/Sprites/Clouds.mat using Guid(bfa51236b0bb36f4187db18b71b98e1d) Importer(815301076,1909f56bfc062723c751e8b465ee728b)  -> (artifact id: '79d8f17b6cef69b560ab55a341a9c04f') in 0.072379 seconds
  Import took 0.077179 seconds .

AssetImportWorkerClient::OnTransportError - code=2 error=End of file
